0 info it worked if it ends with ok
1 verbose cli [ '/usr/local/bin/node',
1 verbose cli   '/usr/local/bin/npm',
1 verbose cli   'install',
1 verbose cli   '-g',
1 verbose cli   'angular-cli' ]
2 info using npm@2.15.5
3 info using node@v4.4.6
4 verbose install initial load of /usr/local/lib/package.json
5 verbose readDependencies loading dependencies from /usr/local/lib/package.json
6 silly cache add args [ 'angular-cli', null ]
7 verbose cache add spec angular-cli
8 silly cache add parsed spec Result {
8 silly cache add   raw: 'angular-cli',
8 silly cache add   scope: null,
8 silly cache add   name: 'angular-cli',
8 silly cache add   rawSpec: '',
8 silly cache add   spec: 'latest',
8 silly cache add   type: 'tag' }
9 silly addNamed angular-cli@latest
10 verbose addNamed "latest" is being treated as a dist-tag for angular-cli
11 info addNameTag [ 'angular-cli', 'latest' ]
12 silly mapToRegistry name angular-cli
13 silly mapToRegistry using default registry
14 silly mapToRegistry registry https://registry.npmjs.org/
15 silly mapToRegistry data Result {
15 silly mapToRegistry   raw: 'angular-cli',
15 silly mapToRegistry   scope: null,
15 silly mapToRegistry   name: 'angular-cli',
15 silly mapToRegistry   rawSpec: '',
15 silly mapToRegistry   spec: 'latest',
15 silly mapToRegistry   type: 'tag' }
16 silly mapToRegistry uri https://registry.npmjs.org/angular-cli
17 verbose addNameTag registry:https://registry.npmjs.org/angular-cli not in flight; fetching
18 verbose request uri https://registry.npmjs.org/angular-cli
19 verbose request no auth needed
20 info attempt registry request try #1 at 12:59:16
21 verbose request id 2cff09a4e09ec1f8
22 http request GET https://registry.npmjs.org/angular-cli
23 http 200 https://registry.npmjs.org/angular-cli
24 verbose headers { server: 'nginx/1.10.1',
24 verbose headers   'content-type': 'application/json',
24 verbose headers   'last-modified': 'Sun, 25 Dec 2016 10:17:44 GMT',
24 verbose headers   etag: 'W/"585f9cc8-36757"',
24 verbose headers   'content-encoding': 'gzip',
24 verbose headers   'cache-control': 'max-age=300',
24 verbose headers   'content-length': '20077',
24 verbose headers   'accept-ranges': 'bytes',
24 verbose headers   date: 'Mon, 26 Dec 2016 04:59:16 GMT',
24 verbose headers   via: '1.1 varnish',
24 verbose headers   age: '294',
24 verbose headers   connection: 'keep-alive',
24 verbose headers   'x-served-by': 'cache-hkg6825-HKG',
24 verbose headers   'x-cache': 'HIT',
24 verbose headers   'x-cache-hits': '2',
24 verbose headers   'x-timer': 'S1482728356.657230,VS0,VE0',
24 verbose headers   vary: 'Accept-Encoding' }
25 silly get cb [ 200,
25 silly get   { server: 'nginx/1.10.1',
25 silly get     'content-type': 'application/json',
25 silly get     'last-modified': 'Sun, 25 Dec 2016 10:17:44 GMT',
25 silly get     etag: 'W/"585f9cc8-36757"',
25 silly get     'content-encoding': 'gzip',
25 silly get     'cache-control': 'max-age=300',
25 silly get     'content-length': '20077',
25 silly get     'accept-ranges': 'bytes',
25 silly get     date: 'Mon, 26 Dec 2016 04:59:16 GMT',
25 silly get     via: '1.1 varnish',
25 silly get     age: '294',
25 silly get     connection: 'keep-alive',
25 silly get     'x-served-by': 'cache-hkg6825-HKG',
25 silly get     'x-cache': 'HIT',
25 silly get     'x-cache-hits': '2',
25 silly get     'x-timer': 'S1482728356.657230,VS0,VE0',
25 silly get     vary: 'Accept-Encoding' } ]
26 verbose get saving angular-cli to /home/sharkseven/.npm/registry.npmjs.org/angular-cli/.cache.json
27 verbose correctMkdir /home/sharkseven/.npm correctMkdir not in flight; initializing
28 silly addNameTag next cb for angular-cli with tag latest
29 silly addNamed angular-cli@1.0.0-beta.24
30 verbose addNamed "1.0.0-beta.24" is a plain semver version for angular-cli
31 silly mapToRegistry name angular-cli
32 silly mapToRegistry using default registry
33 silly mapToRegistry registry https://registry.npmjs.org/
34 silly mapToRegistry data Result {
34 silly mapToRegistry   raw: 'angular-cli',
34 silly mapToRegistry   scope: null,
34 silly mapToRegistry   name: 'angular-cli',
34 silly mapToRegistry   rawSpec: '',
34 silly mapToRegistry   spec: 'latest',
34 silly mapToRegistry   type: 'tag' }
35 silly mapToRegistry uri https://registry.npmjs.org/angular-cli
36 verbose addRemoteTarball https://registry.npmjs.org/angular-cli/-/angular-cli-1.0.0-beta.24.tgz not in flight; adding
37 verbose addRemoteTarball [ 'https://registry.npmjs.org/angular-cli/-/angular-cli-1.0.0-beta.24.tgz',
37 verbose addRemoteTarball   '1133907d860e44a837e41e42c3eec7e5a841af68' ]
38 info retry fetch attempt 1 at 12:59:16
39 info attempt registry request try #1 at 12:59:16
40 http fetch GET https://registry.npmjs.org/angular-cli/-/angular-cli-1.0.0-beta.24.tgz
41 http fetch 200 https://registry.npmjs.org/angular-cli/-/angular-cli-1.0.0-beta.24.tgz
42 silly fetchAndShaCheck shasum 1133907d860e44a837e41e42c3eec7e5a841af68
43 verbose addTmpTarball /tmp/npm-32217-a242a145/registry.npmjs.org/angular-cli/-/angular-cli-1.0.0-beta.24.tgz not in flight; adding
44 verbose addTmpTarball already have metadata; skipping unpack for angular-cli@1.0.0-beta.24
45 verbose correctMkdir /home/sharkseven/.npm correctMkdir not in flight; initializing
46 silly cache afterAdd angular-cli@1.0.0-beta.24
47 verbose afterAdd /home/sharkseven/.npm/angular-cli/1.0.0-beta.24/package/package.json not in flight; writing
48 verbose correctMkdir /home/sharkseven/.npm correctMkdir not in flight; initializing
49 verbose afterAdd /home/sharkseven/.npm/angular-cli/1.0.0-beta.24/package/package.json written
50 silly install resolved [ { name: 'angular-cli',
50 silly install resolved     version: '1.0.0-beta.24',
50 silly install resolved     description: 'CLI tool for Angular',
50 silly install resolved     main: 'lib/cli/index.js',
50 silly install resolved     trackingCode: 'UA-8594346-19',
50 silly install resolved     bin: { ng: './bin/ng' },
50 silly install resolved     keywords: [ 'ember-addon' ],
50 silly install resolved     repository:
50 silly install resolved      { type: 'git',
50 silly install resolved        url: 'git+https://github.com/angular/angular-cli.git' },
50 silly install resolved     engines: { node: '>= 4.1.0', npm: '>= 3.0.0' },
50 silly install resolved     author: { name: 'Angular Authors' },
50 silly install resolved     license: 'MIT',
50 silly install resolved     bugs: { url: 'https://github.com/angular/angular-cli/issues' },
50 silly install resolved     homepage: 'https://github.com/angular/angular-cli',
50 silly install resolved     dependencies:
50 silly install resolved      { '@angular-cli/ast-tools': '^1.0.1',
50 silly install resolved        '@angular-cli/base-href-webpack': '^1.0.0',
50 silly install resolved        '@angular/compiler': '^2.3.1',
50 silly install resolved        '@angular/compiler-cli': '^2.3.1',
50 silly install resolved        '@angular/core': '^2.3.1',
50 silly install resolved        '@ngtools/webpack': '^1.0.0',
50 silly install resolved        async: '^2.1.4',
50 silly install resolved        autoprefixer: '^6.5.3',
50 silly install resolved        chalk: '^1.1.3',
50 silly install resolved        'common-tags': '^1.3.1',
50 silly install resolved        configstore: '^2.0.0',
50 silly install resolved        'css-loader': '^0.23.1',
50 silly install resolved        debug: '^2.1.3',
50 silly install resolved        denodeify: '^1.2.1',
50 silly install resolved        diff: '^2.2.2',
50 silly install resolved        'ember-cli-normalize-entity-name': '^1.0.0',
50 silly install resolved        'ember-cli-preprocess-registry': '^2.0.0',
50 silly install resolved        'ember-cli-string-utils': '^1.0.0',
50 silly install resolved        'exists-sync': '0.0.3',
50 silly install resolved        'extract-text-webpack-plugin': '^2.0.0-beta.4',
50 silly install resolved        'file-loader': '^0.8.5',
50 silly install resolved        findup: '0.1.5',
50 silly install resolved        'fs-extra': '^0.30.0',
50 silly install resolved        'get-caller-file': '^1.0.0',
50 silly install resolved        'git-repo-info': '^1.0.4',
50 silly install resolved        glob: '^7.0.3',
50 silly install resolved        'html-webpack-plugin': '^2.19.0',
50 silly install resolved        inflection: '^1.7.0',
50 silly install resolved        inquirer: '^0.12.0',
50 silly install resolved        'is-git-url': '^0.2.0',
50 silly install resolved        isbinaryfile: '^2.0.3',
50 silly install resolved        'json-loader': '^0.5.4',
50 silly install resolved        'karma-sourcemap-loader': '^0.3.7',
50 silly install resolved        'karma-webpack': '^1.8.0',
50 silly install resolved        leek: '0.0.21',
50 silly install resolved        less: '^2.7.1',
50 silly install resolved        'less-loader': '^2.2.3',
50 silly install resolved        lodash: '^4.11.1',
50 silly install resolved        'markdown-it': '4.3.0',
50 silly install resolved        'markdown-it-terminal': '0.0.3',
50 silly install resolved        minimatch: '^3.0.3',
50 silly install resolved        'node-modules-path': '^1.0.0',
50 silly install resolved        'node-sass': '^3.10.1',
50 silly install resolved        nopt: '^3.0.1',
50 silly install resolved        'offline-plugin': '^3.4.1',
50 silly install resolved        opn: '4.0.1',
50 silly install resolved        ora: '^0.2.0',
50 silly install resolved        portfinder: '1.0.9',
50 silly install resolved        'postcss-discard-comments': '^2.0.4',
50 silly install resolved        'postcss-loader': '^0.9.1',
50 silly install resolved        'quick-temp': '0.1.5',
50 silly install resolved        'raw-loader': '^0.5.1',
50 silly install resolved        readline2: '0.1.1',
50 silly install resolved        'remap-istanbul': '^0.6.4',
50 silly install resolved        resolve: '^1.1.7',
50 silly install resolved        rimraf: '^2.5.3',
50 silly install resolved        rsvp: '^3.0.17',
50 silly install resolved        'sass-loader': '^4.0.1',
50 silly install resolved        'script-loader': '^0.7.0',
50 silly install resolved        semver: '^5.1.0',
50 silly install resolved        'silent-error': '^1.0.0',
50 silly install resolved        'source-map-loader': '^0.1.5',
50 silly install resolved        'sourcemap-istanbul-instrumenter-loader': '^0.2.0',
50 silly install resolved        'style-loader': '^0.13.1',
50 silly install resolved        stylus: '^0.54.5',
50 silly install resolved        'stylus-loader': '^2.1.0',
50 silly install resolved        temp: '0.8.3',
50 silly install resolved        through: '^2.3.6',
50 silly install resolved        tslint: '^4.0.2',
50 silly install resolved        'tslint-loader': '^3.3.0',
50 silly install resolved        typescript: '~2.0.3',
50 silly install resolved        'url-loader': '^0.5.7',
50 silly install resolved        uuid: '^3.0.0',
50 silly install resolved        'walk-sync': '^0.2.6',
50 silly install resolved        webpack: '2.1.0-beta.25',
50 silly install resolved        'webpack-dev-server': '2.1.0-beta.9',
50 silly install resolved        'webpack-merge': '^0.14.0',
50 silly install resolved        'webpack-sources': '^0.1.3',
50 silly install resolved        yam: '0.0.18',
50 silly install resolved        'zone.js': '^0.7.2' },
50 silly install resolved     'ember-addon': { paths: [Object], main: './addon/index.js' },
50 silly install resolved     _id: 'angular-cli@1.0.0-beta.24',
50 silly install resolved     scripts: {},
50 silly install resolved     _shasum: '1133907d860e44a837e41e42c3eec7e5a841af68',
50 silly install resolved     _from: 'angular-cli@latest',
50 silly install resolved     _npmVersion: '3.10.8',
50 silly install resolved     _nodeVersion: '4.2.5',
50 silly install resolved     _npmUser: { name: 'angular-cli', email: 'hansl@google.com' },
50 silly install resolved     dist:
50 silly install resolved      { shasum: '1133907d860e44a837e41e42c3eec7e5a841af68',
50 silly install resolved        tarball: 'https://registry.npmjs.org/angular-cli/-/angular-cli-1.0.0-beta.24.tgz' },
50 silly install resolved     maintainers: [ [Object] ],
50 silly install resolved     _npmOperationalInternal:
50 silly install resolved      { host: 'packages-18-east.internal.npmjs.com',
50 silly install resolved        tmp: 'tmp/angular-cli-1.0.0-beta.24.tgz_1482275774797_0.34972128365188837' },
50 silly install resolved     directories: {},
50 silly install resolved     _resolved: 'https://registry.npmjs.org/angular-cli/-/angular-cli-1.0.0-beta.24.tgz' } ]
51 info install angular-cli@1.0.0-beta.24 into /usr/local/lib
52 info installOne angular-cli@1.0.0-beta.24
53 verbose installOne of angular-cli to /usr/local/lib not in flight; installing
54 verbose correctMkdir /home/sharkseven/.npm/_locks correctMkdir not in flight; initializing
55 verbose lock using /home/sharkseven/.npm/_locks/angular-cli-60086e40670b6336.lock for /usr/local/lib/node_modules/angular-cli
56 warn engine angular-cli@1.0.0-beta.24: wanted: {"node":">= 4.1.0","npm":">= 3.0.0"} (current: {"node":"4.4.6","npm":"2.15.5"})
57 silly install write writing angular-cli 1.0.0-beta.24 to /usr/local/lib/node_modules/angular-cli
58 verbose unbuild lib/node_modules/angular-cli
59 silly gentlyRm /usr/local/lib/node_modules/angular-cli is being purged from base /usr/local
60 verbose gentlyRm don't care about contents; nuking /usr/local/lib/node_modules/angular-cli
61 verbose tar unpack /home/sharkseven/.npm/angular-cli/1.0.0-beta.24/package.tgz
62 verbose tar unpacking to /usr/local/lib/node_modules/angular-cli
63 silly gentlyRm /usr/local/lib/node_modules/angular-cli is being purged
64 verbose gentlyRm don't care about contents; nuking /usr/local/lib/node_modules/angular-cli
65 silly gunzTarPerm modes [ '775', '664' ]
66 error tar.unpack untar error /home/sharkseven/.npm/angular-cli/1.0.0-beta.24/package.tgz
67 verbose unlock done using /home/sharkseven/.npm/_locks/angular-cli-60086e40670b6336.lock for /usr/local/lib/node_modules/angular-cli
68 verbose fstream_path /usr/local/lib/node_modules/angular-cli
69 verbose fstream_type Directory
70 verbose fstream_class DirWriter
71 verbose stack Error: EACCES: permission denied, mkdir '/usr/local/lib/node_modules/angular-cli'
71 verbose stack     at Error (native)
72 verbose fstream_stack /usr/local/lib/node_modules/npm/node_modules/fstream/lib/dir-writer.js:35:25
72 verbose fstream_stack /usr/local/lib/node_modules/npm/node_modules/mkdirp/index.js:47:53
72 verbose fstream_stack FSReqWrap.oncomplete (fs.js:82:15)
73 verbose cwd /home/sharkseven/todora/vue1-template
74 error Linux 4.4.0-45-generic
75 error argv "/usr/local/bin/node" "/usr/local/bin/npm" "install" "-g" "angular-cli"
76 error node v4.4.6
77 error npm  v2.15.5
78 error path /usr/local/lib/node_modules/angular-cli
79 error code EACCES
80 error errno -13
81 error syscall mkdir
82 error Error: EACCES: permission denied, mkdir '/usr/local/lib/node_modules/angular-cli'
82 error     at Error (native)
82 error  { [Error: EACCES: permission denied, mkdir '/usr/local/lib/node_modules/angular-cli']
82 error   errno: -13,
82 error   code: 'EACCES',
82 error   syscall: 'mkdir',
82 error   path: '/usr/local/lib/node_modules/angular-cli',
82 error   fstream_type: 'Directory',
82 error   fstream_path: '/usr/local/lib/node_modules/angular-cli',
82 error   fstream_class: 'DirWriter',
82 error   fstream_stack:
82 error    [ '/usr/local/lib/node_modules/npm/node_modules/fstream/lib/dir-writer.js:35:25',
82 error      '/usr/local/lib/node_modules/npm/node_modules/mkdirp/index.js:47:53',
82 error      'FSReqWrap.oncomplete (fs.js:82:15)' ] }
83 error Please try running this command again as root/Administrator.
84 verbose exit [ -13, true ]
85 verbose unbuild lib/node_modules/angular-cli
86 silly gentlyRm /usr/local/lib/node_modules/angular-cli is being purged from base /usr/local
87 verbose gentlyRm don't care about contents; nuking /usr/local/lib/node_modules/angular-cli
